{"/Users/Nigel/Desktop/Lichen_Protocol_MVP_4/rooms/index.ts": {"path":"/Users/Nigel/Desktop/Lichen_Protocol_MVP_4/rooms/index.ts","statementMap":{"0":{"start":{"line":7,"column":0},"end":{"line":7,"column":9}},"1":{"start":{"line":7,"column":9},"end":{"line":7,"column":20}},"2":{"start":{"line":7,"column":20},"end":{"line":7,"column":55}},"3":{"start":{"line":11,"column":0},"end":{"line":11,"column":9}},"4":{"start":{"line":11,"column":9},"end":{"line":11,"column":61}},"5":{"start":{"line":12,"column":0},"end":{"line":12,"column":9}},"6":{"start":{"line":12,"column":9},"end":{"line":12,"column":64}},"7":{"start":{"line":13,"column":0},"end":{"line":13,"column":9}},"8":{"start":{"line":13,"column":9},"end":{"line":13,"column":28}},"9":{"start":{"line":13,"column":28},"end":{"line":13,"column":46}},"10":{"start":{"line":13,"column":46},"end":{"line":13,"column":92}},"11":{"start":{"line":14,"column":0},"end":{"line":14,"column":9}},"12":{"start":{"line":14,"column":9},"end":{"line":14,"column":31}},"13":{"start":{"line":14,"column":31},"end":{"line":14,"column":54}},"14":{"start":{"line":14,"column":54},"end":{"line":14,"column":107}},"15":{"start":{"line":15,"column":0},"end":{"line":15,"column":9}},"16":{"start":{"line":15,"column":9},"end":{"line":15,"column":35}},"17":{"start":{"line":15,"column":35},"end":{"line":15,"column":61}},"18":{"start":{"line":15,"column":61},"end":{"line":15,"column":120}},"19":{"start":{"line":16,"column":0},"end":{"line":16,"column":9}},"20":{"start":{"line":16,"column":9},"end":{"line":16,"column":34}},"21":{"start":{"line":16,"column":34},"end":{"line":16,"column":59}},"22":{"start":{"line":16,"column":59},"end":{"line":16,"column":84}},"23":{"start":{"line":16,"column":84},"end":{"line":16,"column":140}},"24":{"start":{"line":35,"column":0},"end":{"line":35,"column":9}},"25":{"start":{"line":35,"column":9},"end":{"line":35,"column":58}},"26":{"start":{"line":36,"column":0},"end":{"line":36,"column":9}},"27":{"start":{"line":36,"column":9},"end":{"line":36,"column":33}},"28":{"start":{"line":36,"column":33},"end":{"line":36,"column":81}},"29":{"start":{"line":37,"column":0},"end":{"line":37,"column":9}},"30":{"start":{"line":37,"column":9},"end":{"line":37,"column":30}},"31":{"start":{"line":37,"column":30},"end":{"line":37,"column":87}}},"fnMap":{"0":{"name":"(anonymous_0)","decl":{"start":{"line":7,"column":9},"end":{"line":7,"column":18}},"loc":{"start":{"line":7,"column":9},"end":{"line":7,"column":20}}},"1":{"name":"(anonymous_1)","decl":{"start":{"line":7,"column":20},"end":{"line":7,"column":32}},"loc":{"start":{"line":7,"column":20},"end":{"line":7,"column":55}}},"2":{"name":"(anonymous_2)","decl":{"start":{"line":11,"column":9},"end":{"line":11,"column":27}},"loc":{"start":{"line":11,"column":9},"end":{"line":11,"column":61}}},"3":{"name":"(anonymous_3)","decl":{"start":{"line":12,"column":9},"end":{"line":12,"column":18}},"loc":{"start":{"line":12,"column":9},"end":{"line":12,"column":64}}},"4":{"name":"(anonymous_4)","decl":{"start":{"line":13,"column":9},"end":{"line":13,"column":26}},"loc":{"start":{"line":13,"column":9},"end":{"line":13,"column":28}}},"5":{"name":"(anonymous_5)","decl":{"start":{"line":13,"column":28},"end":{"line":13,"column":44}},"loc":{"start":{"line":13,"column":28},"end":{"line":13,"column":46}}},"6":{"name":"(anonymous_6)","decl":{"start":{"line":13,"column":46},"end":{"line":13,"column":64}},"loc":{"start":{"line":13,"column":46},"end":{"line":13,"column":92}}},"7":{"name":"(anonymous_7)","decl":{"start":{"line":14,"column":9},"end":{"line":14,"column":29}},"loc":{"start":{"line":14,"column":9},"end":{"line":14,"column":31}}},"8":{"name":"(anonymous_8)","decl":{"start":{"line":14,"column":31},"end":{"line":14,"column":52}},"loc":{"start":{"line":14,"column":31},"end":{"line":14,"column":54}}},"9":{"name":"(anonymous_9)","decl":{"start":{"line":14,"column":54},"end":{"line":14,"column":76}},"loc":{"start":{"line":14,"column":54},"end":{"line":14,"column":107}}},"10":{"name":"(anonymous_10)","decl":{"start":{"line":15,"column":9},"end":{"line":15,"column":33}},"loc":{"start":{"line":15,"column":9},"end":{"line":15,"column":35}}},"11":{"name":"(anonymous_11)","decl":{"start":{"line":15,"column":35},"end":{"line":15,"column":59}},"loc":{"start":{"line":15,"column":35},"end":{"line":15,"column":61}}},"12":{"name":"(anonymous_12)","decl":{"start":{"line":15,"column":61},"end":{"line":15,"column":85}},"loc":{"start":{"line":15,"column":61},"end":{"line":15,"column":120}}},"13":{"name":"(anonymous_13)","decl":{"start":{"line":16,"column":9},"end":{"line":16,"column":32}},"loc":{"start":{"line":16,"column":9},"end":{"line":16,"column":34}}},"14":{"name":"(anonymous_14)","decl":{"start":{"line":16,"column":34},"end":{"line":16,"column":57}},"loc":{"start":{"line":16,"column":34},"end":{"line":16,"column":59}}},"15":{"name":"(anonymous_15)","decl":{"start":{"line":16,"column":59},"end":{"line":16,"column":82}},"loc":{"start":{"line":16,"column":59},"end":{"line":16,"column":84}}},"16":{"name":"(anonymous_16)","decl":{"start":{"line":16,"column":84},"end":{"line":16,"column":106}},"loc":{"start":{"line":16,"column":84},"end":{"line":16,"column":140}}},"17":{"name":"(anonymous_17)","decl":{"start":{"line":35,"column":9},"end":{"line":35,"column":30}},"loc":{"start":{"line":35,"column":9},"end":{"line":35,"column":58}}},"18":{"name":"(anonymous_18)","decl":{"start":{"line":36,"column":9},"end":{"line":36,"column":31}},"loc":{"start":{"line":36,"column":9},"end":{"line":36,"column":33}}},"19":{"name":"(anonymous_19)","decl":{"start":{"line":36,"column":33},"end":{"line":36,"column":50}},"loc":{"start":{"line":36,"column":33},"end":{"line":36,"column":81}}},"20":{"name":"(anonymous_20)","decl":{"start":{"line":37,"column":9},"end":{"line":37,"column":28}},"loc":{"start":{"line":37,"column":9},"end":{"line":37,"column":30}}},"21":{"name":"(anonymous_21)","decl":{"start":{"line":37,"column":30},"end":{"line":37,"column":53}},"loc":{"start":{"line":37,"column":30},"end":{"line":37,"column":87}}}},"branchMap":{},"s":{"0":0,"1":0,"2":0,"3":0,"4":0,"5":0,"6":0,"7":0,"8":0,"9":0,"10":0,"11":0,"12":0,"13":0,"14":0,"15":0,"16":0,"17":0,"18":0,"19":0,"20":0,"21":0,"22":0,"23":0,"24":0,"25":0,"26":0,"27":0,"28":0,"29":0,"30":0,"31":0},"f":{"0":0,"1":0,"2":0,"3":0,"4":0,"5":0,"6":0,"7":0,"8":0,"9":0,"10":0,"11":0,"12":0,"13":0,"14":0,"15":0,"16":0,"17":0,"18":0,"19":0,"20":0,"21":0},"b":{}}
,"/Users/Nigel/Desktop/Lichen_Protocol_MVP_4/rooms/entry_room/completion.ts": {"path":"/Users/Nigel/Desktop/Lichen_Protocol_MVP_4/rooms/entry_room/completion.ts","statementMap":{"0":{"start":{"line":53,"column":0},"end":{"line":53,"column":16}},"1":{"start":{"line":67,"column":0},"end":{"line":67,"column":16}},"2":{"start":{"line":14,"column":19},"end":{"line":14,"column":48}},"3":{"start":{"line":15,"column":4},"end":{"line":15,"column":25}},"4":{"start":{"line":8,"column":0},"end":{"line":8,"column":13}},"5":{"start":{"line":24,"column":19},"end":{"line":24,"column":26}},"6":{"start":{"line":25,"column":4},"end":{"line":25,"column":25}},"7":{"start":{"line":19,"column":0},"end":{"line":19,"column":13}},"8":{"start":{"line":34,"column":19},"end":{"line":34,"column":83}},"9":{"start":{"line":35,"column":4},"end":{"line":35,"column":25}},"10":{"start":{"line":29,"column":0},"end":{"line":29,"column":13}},"11":{"start":{"line":43,"column":22},"end":{"line":43,"column":39}},"12":{"start":{"line":46,"column":4},"end":{"line":46,"column":39}},"13":{"start":{"line":39,"column":0},"end":{"line":39,"column":13}},"14":{"start":{"line":54,"column":18},"end":{"line":59,"column":4}},"15":{"start":{"line":61,"column":2},"end":{"line":61,"column":55}},"16":{"start":{"line":61,"column":32},"end":{"line":61,"column":53}},"17":{"start":{"line":68,"column":18},"end":{"line":73,"column":4}},"18":{"start":{"line":75,"column":20},"end":{"line":75,"column":24}},"19":{"start":{"line":76,"column":2},"end":{"line":78,"column":5}},"20":{"start":{"line":77,"column":4},"end":{"line":77,"column":51}},"21":{"start":{"line":80,"column":2},"end":{"line":80,"column":28}}},"fnMap":{"0":{"name":"(anonymous_0)","decl":{"start":{"line":13,"column":2},"end":{"line":13,"column":24}},"loc":{"start":{"line":13,"column":37},"end":{"line":16,"column":3}}},"1":{"name":"(anonymous_1)","decl":{"start":{"line":23,"column":2},"end":{"line":23,"column":24}},"loc":{"start":{"line":23,"column":37},"end":{"line":26,"column":3}}},"2":{"name":"(anonymous_2)","decl":{"start":{"line":33,"column":2},"end":{"line":33,"column":24}},"loc":{"start":{"line":33,"column":37},"end":{"line":36,"column":3}}},"3":{"name":"(anonymous_3)","decl":{"start":{"line":43,"column":2},"end":{"line":43,"column":22}},"loc":{"start":{"line":43,"column":64},"end":{"line":43,"column":68}}},"4":{"name":"(anonymous_4)","decl":{"start":{"line":45,"column":2},"end":{"line":45,"column":24}},"loc":{"start":{"line":45,"column":37},"end":{"line":47,"column":3}}},"5":{"name":"hasCompletionMarker","decl":{"start":{"line":53,"column":16},"end":{"line":53,"column":35}},"loc":{"start":{"line":53,"column":48},"end":{"line":62,"column":1}}},"6":{"name":"(anonymous_6)","decl":{"start":{"line":61,"column":22},"end":{"line":61,"column":28}},"loc":{"start":{"line":61,"column":32},"end":{"line":61,"column":53}}},"7":{"name":"removeCompletionMarkers","decl":{"start":{"line":67,"column":16},"end":{"line":67,"column":39}},"loc":{"start":{"line":67,"column":52},"end":{"line":81,"column":1}}},"8":{"name":"(anonymous_8)","decl":{"start":{"line":76,"column":18},"end":{"line":76,"column":25}},"loc":{"start":{"line":76,"column":28},"end":{"line":78,"column":3}}}},"branchMap":{"0":{"loc":{"start":{"line":43,"column":22},"end":{"line":43,"column":64}},"type":"default-arg","locations":[{"start":{"line":43,"column":39},"end":{"line":43,"column":64}}]}},"s":{"0":1,"1":1,"2":0,"3":0,"4":1,"5":0,"6":0,"7":1,"8":0,"9":0,"10":1,"11":0,"12":0,"13":1,"14":0,"15":0,"16":0,"17":0,"18":0,"19":0,"20":0,"21":0},"f":{"0":0,"1":0,"2":0,"3":0,"4":0,"5":0,"6":0,"7":0,"8":0},"b":{"0":[0]}}
,"/Users/Nigel/Desktop/Lichen_Protocol_MVP_4/rooms/entry_room/consent.ts": {"path":"/Users/Nigel/Desktop/Lichen_Protocol_MVP_4/rooms/entry_room/consent.ts","statementMap":{"0":{"start":{"line":67,"column":0},"end":{"line":67,"column":16}},"1":{"start":{"line":74,"column":0},"end":{"line":74,"column":16}},"2":{"start":{"line":15,"column":4},"end":{"line":17,"column":5}},"3":{"start":{"line":16,"column":6},"end":{"line":16,"column":19}},"4":{"start":{"line":20,"column":4},"end":{"line":20,"column":18}},"5":{"start":{"line":8,"column":0},"end":{"line":8,"column":13}},"6":{"start":{"line":29,"column":22},"end":{"line":29,"column":56}},"7":{"start":{"line":32,"column":4},"end":{"line":34,"column":5}},"8":{"start":{"line":33,"column":6},"end":{"line":33,"column":19}},"9":{"start":{"line":36,"column":4},"end":{"line":38,"column":5}},"10":{"start":{"line":37,"column":6},"end":{"line":37,"column":19}},"11":{"start":{"line":41,"column":4},"end":{"line":41,"column":18}},"12":{"start":{"line":24,"column":0},"end":{"line":24,"column":13}},"13":{"start":{"line":54,"column":4},"end":{"line":56,"column":5}},"14":{"start":{"line":55,"column":6},"end":{"line":55,"column":19}},"15":{"start":{"line":60,"column":4},"end":{"line":60,"column":18}},"16":{"start":{"line":45,"column":0},"end":{"line":45,"column":13}},"17":{"start":{"line":68,"column":2},"end":{"line":68,"column":135}},"18":{"start":{"line":75,"column":2},"end":{"line":75,"column":30}}},"fnMap":{"0":{"name":"(anonymous_0)","decl":{"start":{"line":13,"column":2},"end":{"line":13,"column":7}},"loc":{"start":{"line":13,"column":44},"end":{"line":21,"column":3}}},"1":{"name":"(anonymous_1)","decl":{"start":{"line":29,"column":2},"end":{"line":29,"column":22}},"loc":{"start":{"line":29,"column":60},"end":{"line":29,"column":64}}},"2":{"name":"(anonymous_2)","decl":{"start":{"line":31,"column":2},"end":{"line":31,"column":7}},"loc":{"start":{"line":31,"column":44},"end":{"line":42,"column":3}}},"3":{"name":"(anonymous_3)","decl":{"start":{"line":50,"column":2},"end":{"line":50,"column":7}},"loc":{"start":{"line":50,"column":44},"end":{"line":61,"column":3}}},"4":{"name":"generateConsentRequest","decl":{"start":{"line":67,"column":16},"end":{"line":67,"column":38}},"loc":{"start":{"line":67,"column":38},"end":{"line":69,"column":1}}},"5":{"name":"isConsentRequired","decl":{"start":{"line":74,"column":16},"end":{"line":74,"column":33}},"loc":{"start":{"line":74,"column":55},"end":{"line":76,"column":1}}}},"branchMap":{"0":{"loc":{"start":{"line":15,"column":4},"end":{"line":17,"column":5}},"type":"if","locations":[{"start":{"line":15,"column":4},"end":{"line":17,"column":5}}]},"1":{"loc":{"start":{"line":29,"column":22},"end":{"line":29,"column":60}},"type":"default-arg","locations":[{"start":{"line":29,"column":56},"end":{"line":29,"column":60}}]},"2":{"loc":{"start":{"line":32,"column":4},"end":{"line":34,"column":5}},"type":"if","locations":[{"start":{"line":32,"column":4},"end":{"line":34,"column":5}}]},"3":{"loc":{"start":{"line":36,"column":4},"end":{"line":38,"column":5}},"type":"if","locations":[{"start":{"line":36,"column":4},"end":{"line":38,"column":5}}]},"4":{"loc":{"start":{"line":54,"column":4},"end":{"line":56,"column":5}},"type":"if","locations":[{"start":{"line":54,"column":4},"end":{"line":56,"column":5}}]}},"s":{"0":1,"1":1,"2":2,"3":0,"4":2,"5":1,"6":0,"7":0,"8":0,"9":0,"10":0,"11":0,"12":1,"13":0,"14":0,"15":0,"16":1,"17":0,"18":0},"f":{"0":2,"1":0,"2":0,"3":0,"4":0,"5":0},"b":{"0":[0],"1":[0],"2":[0],"3":[0],"4":[0]}}
,"/Users/Nigel/Desktop/Lichen_Protocol_MVP_4/rooms/entry_room/diagnostics.ts": {"path":"/Users/Nigel/Desktop/Lichen_Protocol_MVP_4/rooms/entry_room/diagnostics.ts","statementMap":{"0":{"start":{"line":19,"column":4},"end":{"line":21,"column":5}},"1":{"start":{"line":20,"column":6},"end":{"line":20,"column":18}},"2":{"start":{"line":24,"column":42},"end":{"line":28,"column":6}},"3":{"start":{"line":31,"column":17},"end":{"line":31,"column":48}},"4":{"start":{"line":32,"column":4},"end":{"line":34,"column":5}},"5":{"start":{"line":33,"column":7},"end":{"line":33,"column":39}},"6":{"start":{"line":36,"column":20},"end":{"line":36,"column":54}},"7":{"start":{"line":37,"column":4},"end":{"line":39,"column":5}},"8":{"start":{"line":38,"column":7},"end":{"line":38,"column":45}},"9":{"start":{"line":41,"column":22},"end":{"line":41,"column":67}},"10":{"start":{"line":42,"column":4},"end":{"line":44,"column":5}},"11":{"start":{"line":43,"column":7},"end":{"line":43,"column":49}},"12":{"start":{"line":46,"column":4},"end":{"line":46,"column":23}},"13":{"start":{"line":50,"column":4},"end":{"line":66,"column":5}},"14":{"start":{"line":52,"column":19},"end":{"line":52,"column":40}},"15":{"start":{"line":54,"column":6},"end":{"line":56,"column":7}},"16":{"start":{"line":55,"column":8},"end":{"line":55,"column":24}},"17":{"start":{"line":57,"column":6},"end":{"line":59,"column":7}},"18":{"start":{"line":58,"column":8},"end":{"line":58,"column":22}},"19":{"start":{"line":60,"column":6},"end":{"line":62,"column":7}},"20":{"start":{"line":61,"column":8},"end":{"line":61,"column":25}},"21":{"start":{"line":63,"column":6},"end":{"line":65,"column":7}},"22":{"start":{"line":64,"column":8},"end":{"line":64,"column":25}},"23":{"start":{"line":68,"column":4},"end":{"line":68,"column":21}},"24":{"start":{"line":72,"column":4},"end":{"line":82,"column":5}},"25":{"start":{"line":73,"column":19},"end":{"line":73,"column":40}},"26":{"start":{"line":76,"column":6},"end":{"line":78,"column":7}},"27":{"start":{"line":77,"column":8},"end":{"line":77,"column":37}},"28":{"start":{"line":79,"column":6},"end":{"line":81,"column":7}},"29":{"start":{"line":80,"column":8},"end":{"line":80,"column":35}},"30":{"start":{"line":84,"column":4},"end":{"line":84,"column":21}},"31":{"start":{"line":89,"column":4},"end":{"line":91,"column":5}},"32":{"start":{"line":90,"column":6},"end":{"line":90,"column":25}},"33":{"start":{"line":93,"column":4},"end":{"line":102,"column":5}},"34":{"start":{"line":94,"column":19},"end":{"line":94,"column":40}},"35":{"start":{"line":96,"column":6},"end":{"line":98,"column":7}},"36":{"start":{"line":97,"column":8},"end":{"line":97,"column":23}},"37":{"start":{"line":99,"column":6},"end":{"line":101,"column":7}},"38":{"start":{"line":100,"column":8},"end":{"line":100,"column":27}},"39":{"start":{"line":104,"column":4},"end":{"line":104,"column":21}},"40":{"start":{"line":8,"column":0},"end":{"line":8,"column":13}},"41":{"start":{"line":118,"column":4},"end":{"line":120,"column":5}},"42":{"start":{"line":119,"column":6},"end":{"line":119,"column":18}},"43":{"start":{"line":122,"column":4},"end":{"line":126,"column":6}},"44":{"start":{"line":108,"column":0},"end":{"line":108,"column":13}},"45":{"start":{"line":140,"column":4},"end":{"line":142,"column":5}},"46":{"start":{"line":141,"column":6},"end":{"line":141,"column":18}},"47":{"start":{"line":144,"column":28},"end":{"line":144,"column":58}},"48":{"start":{"line":145,"column":24},"end":{"line":145,"column":88}},"49":{"start":{"line":147,"column":4},"end":{"line":156,"column":5}},"50":{"start":{"line":149,"column":6},"end":{"line":155,"column":8}},"51":{"start":{"line":158,"column":4},"end":{"line":158,"column":16}},"52":{"start":{"line":130,"column":0},"end":{"line":130,"column":13}}},"fnMap":{"0":{"name":"(anonymous_0)","decl":{"start":{"line":13,"column":2},"end":{"line":13,"column":7}},"loc":{"start":{"line":16,"column":27},"end":{"line":47,"column":3}}},"1":{"name":"(anonymous_1)","decl":{"start":{"line":49,"column":10},"end":{"line":49,"column":21}},"loc":{"start":{"line":49,"column":38},"end":{"line":69,"column":3}}},"2":{"name":"(anonymous_2)","decl":{"start":{"line":71,"column":10},"end":{"line":71,"column":24}},"loc":{"start":{"line":71,"column":41},"end":{"line":85,"column":3}}},"3":{"name":"(anonymous_3)","decl":{"start":{"line":87,"column":10},"end":{"line":87,"column":26}},"loc":{"start":{"line":87,"column":66},"end":{"line":105,"column":3}}},"4":{"name":"(anonymous_4)","decl":{"start":{"line":113,"column":2},"end":{"line":113,"column":7}},"loc":{"start":{"line":116,"column":27},"end":{"line":127,"column":3}}},"5":{"name":"(anonymous_5)","decl":{"start":{"line":135,"column":2},"end":{"line":135,"column":7}},"loc":{"start":{"line":138,"column":27},"end":{"line":159,"column":3}}}},"branchMap":{"0":{"loc":{"start":{"line":19,"column":4},"end":{"line":21,"column":5}},"type":"if","locations":[{"start":{"line":19,"column":4},"end":{"line":21,"column":5}}]},"1":{"loc":{"start":{"line":32,"column":4},"end":{"line":34,"column":5}},"type":"if","locations":[{"start":{"line":32,"column":4},"end":{"line":34,"column":5}}]},"2":{"loc":{"start":{"line":37,"column":4},"end":{"line":39,"column":5}},"type":"if","locations":[{"start":{"line":37,"column":4},"end":{"line":39,"column":5}}]},"3":{"loc":{"start":{"line":42,"column":4},"end":{"line":44,"column":5}},"type":"if","locations":[{"start":{"line":42,"column":4},"end":{"line":44,"column":5}}]},"4":{"loc":{"start":{"line":50,"column":4},"end":{"line":66,"column":5}},"type":"if","locations":[{"start":{"line":50,"column":4},"end":{"line":66,"column":5}}]},"5":{"loc":{"start":{"line":54,"column":6},"end":{"line":56,"column":7}},"type":"if","locations":[{"start":{"line":54,"column":6},"end":{"line":56,"column":7}}]},"6":{"loc":{"start":{"line":54,"column":10},"end":{"line":54,"column":84}},"type":"binary-expr","locations":[{"start":{"line":54,"column":10},"end":{"line":54,"column":33}},{"start":{"line":54,"column":37},"end":{"line":54,"column":58}},{"start":{"line":54,"column":62},"end":{"line":54,"column":84}}]},"7":{"loc":{"start":{"line":57,"column":6},"end":{"line":59,"column":7}},"type":"if","locations":[{"start":{"line":57,"column":6},"end":{"line":59,"column":7}}]},"8":{"loc":{"start":{"line":57,"column":10},"end":{"line":57,"column":86}},"type":"binary-expr","locations":[{"start":{"line":57,"column":10},"end":{"line":57,"column":31}},{"start":{"line":57,"column":35},"end":{"line":57,"column":59}},{"start":{"line":57,"column":63},"end":{"line":57,"column":86}}]},"9":{"loc":{"start":{"line":60,"column":6},"end":{"line":62,"column":7}},"type":"if","locations":[{"start":{"line":60,"column":6},"end":{"line":62,"column":7}}]},"10":{"loc":{"start":{"line":60,"column":10},"end":{"line":60,"column":93}},"type":"binary-expr","locations":[{"start":{"line":60,"column":10},"end":{"line":60,"column":34}},{"start":{"line":60,"column":38},"end":{"line":60,"column":67}},{"start":{"line":60,"column":71},"end":{"line":60,"column":93}}]},"11":{"loc":{"start":{"line":63,"column":6},"end":{"line":65,"column":7}},"type":"if","locations":[{"start":{"line":63,"column":6},"end":{"line":65,"column":7}}]},"12":{"loc":{"start":{"line":63,"column":10},"end":{"line":63,"column":92}},"type":"binary-expr","locations":[{"start":{"line":63,"column":10},"end":{"line":63,"column":34}},{"start":{"line":63,"column":38},"end":{"line":63,"column":64}},{"start":{"line":63,"column":68},"end":{"line":63,"column":92}}]},"13":{"loc":{"start":{"line":72,"column":4},"end":{"line":82,"column":5}},"type":"if","locations":[{"start":{"line":72,"column":4},"end":{"line":82,"column":5}}]},"14":{"loc":{"start":{"line":76,"column":6},"end":{"line":78,"column":7}},"type":"if","locations":[{"start":{"line":76,"column":6},"end":{"line":78,"column":7}}]},"15":{"loc":{"start":{"line":76,"column":10},"end":{"line":76,"column":88}},"type":"binary-expr","locations":[{"start":{"line":76,"column":10},"end":{"line":76,"column":32}},{"start":{"line":76,"column":36},"end":{"line":76,"column":58}},{"start":{"line":76,"column":62},"end":{"line":76,"column":88}}]},"16":{"loc":{"start":{"line":79,"column":6},"end":{"line":81,"column":7}},"type":"if","locations":[{"start":{"line":79,"column":6},"end":{"line":81,"column":7}}]},"17":{"loc":{"start":{"line":79,"column":10},"end":{"line":79,"column":89}},"type":"binary-expr","locations":[{"start":{"line":79,"column":10},"end":{"line":79,"column":32}},{"start":{"line":79,"column":36},"end":{"line":79,"column":62}},{"start":{"line":79,"column":66},"end":{"line":79,"column":89}}]},"18":{"loc":{"start":{"line":89,"column":4},"end":{"line":91,"column":5}},"type":"if","locations":[{"start":{"line":89,"column":4},"end":{"line":91,"column":5}}]},"19":{"loc":{"start":{"line":89,"column":8},"end":{"line":89,"column":63}},"type":"binary-expr","locations":[{"start":{"line":89,"column":8},"end":{"line":89,"column":33}},{"start":{"line":89,"column":37},"end":{"line":89,"column":63}}]},"20":{"loc":{"start":{"line":93,"column":4},"end":{"line":102,"column":5}},"type":"if","locations":[{"start":{"line":93,"column":4},"end":{"line":102,"column":5}}]},"21":{"loc":{"start":{"line":96,"column":6},"end":{"line":98,"column":7}},"type":"if","locations":[{"start":{"line":96,"column":6},"end":{"line":98,"column":7}}]},"22":{"loc":{"start":{"line":96,"column":10},"end":{"line":96,"column":88}},"type":"binary-expr","locations":[{"start":{"line":96,"column":10},"end":{"line":96,"column":32}},{"start":{"line":96,"column":36},"end":{"line":96,"column":62}},{"start":{"line":96,"column":66},"end":{"line":96,"column":88}}]},"23":{"loc":{"start":{"line":99,"column":6},"end":{"line":101,"column":7}},"type":"if","locations":[{"start":{"line":99,"column":6},"end":{"line":101,"column":7}}]},"24":{"loc":{"start":{"line":99,"column":10},"end":{"line":99,"column":82}},"type":"binary-expr","locations":[{"start":{"line":99,"column":10},"end":{"line":99,"column":31}},{"start":{"line":99,"column":35},"end":{"line":99,"column":56}},{"start":{"line":99,"column":60},"end":{"line":99,"column":82}}]},"25":{"loc":{"start":{"line":118,"column":4},"end":{"line":120,"column":5}},"type":"if","locations":[{"start":{"line":118,"column":4},"end":{"line":120,"column":5}}]},"26":{"loc":{"start":{"line":140,"column":4},"end":{"line":142,"column":5}},"type":"if","locations":[{"start":{"line":140,"column":4},"end":{"line":142,"column":5}}]},"27":{"loc":{"start":{"line":147,"column":4},"end":{"line":156,"column":5}},"type":"if","locations":[{"start":{"line":147,"column":4},"end":{"line":156,"column":5}}]}},"s":{"0":1,"1":0,"2":1,"3":1,"4":1,"5":0,"6":1,"7":1,"8":0,"9":1,"10":1,"11":1,"12":1,"13":1,"14":1,"15":1,"16":0,"17":1,"18":0,"19":1,"20":0,"21":1,"22":0,"23":1,"24":1,"25":1,"26":1,"27":0,"28":1,"29":0,"30":1,"31":1,"32":0,"33":1,"34":1,"35":1,"36":0,"37":1,"38":0,"39":1,"40":1,"41":0,"42":0,"43":0,"44":1,"45":0,"46":0,"47":0,"48":0,"49":0,"50":0,"51":0,"52":1},"f":{"0":1,"1":1,"2":1,"3":1,"4":0,"5":0},"b":{"0":[0],"1":[0],"2":[0],"3":[1],"4":[1],"5":[0],"6":[1,1,1],"7":[0],"8":[1,1,1],"9":[0],"10":[1,1,1],"11":[0],"12":[1,1,1],"13":[1],"14":[0],"15":[1,1,1],"16":[0],"17":[1,1,1],"18":[0],"19":[1,1],"20":[1],"21":[0],"22":[1,1,1],"23":[0],"24":[1,1,1],"25":[0],"26":[0],"27":[0]}}
,"/Users/Nigel/Desktop/Lichen_Protocol_MVP_4/rooms/entry_room/gates.ts": {"path":"/Users/Nigel/Desktop/Lichen_Protocol_MVP_4/rooms/entry_room/gates.ts","statementMap":{"0":{"start":{"line":19,"column":4},"end":{"line":24,"column":6}},"1":{"start":{"line":32,"column":22},"end":{"line":32,"column":26}},"2":{"start":{"line":33,"column":22},"end":{"line":33,"column":114}},"3":{"start":{"line":35,"column":4},"end":{"line":62,"column":5}},"4":{"start":{"line":35,"column":17},"end":{"line":35,"column":18}},"5":{"start":{"line":36,"column":19},"end":{"line":36,"column":33}},"6":{"start":{"line":37,"column":23},"end":{"line":37,"column":36}},"7":{"start":{"line":39,"column":6},"end":{"line":61,"column":7}},"8":{"start":{"line":40,"column":23},"end":{"line":40,"column":55}},"9":{"start":{"line":42,"column":8},"end":{"line":49,"column":9}},"10":{"start":{"line":44,"column":10},"end":{"line":48,"column":12}},"11":{"start":{"line":52,"column":8},"end":{"line":52,"column":34}},"12":{"start":{"line":56,"column":8},"end":{"line":60,"column":10}},"13":{"start":{"line":65,"column":4},"end":{"line":69,"column":6}},"14":{"start":{"line":15,"column":0},"end":{"line":15,"column":13}},"15":{"start":{"line":77,"column":4},"end":{"line":77,"column":71}},"16":{"start":{"line":74,"column":0},"end":{"line":74,"column":13}},"17":{"start":{"line":84,"column":4},"end":{"line":84,"column":72}},"18":{"start":{"line":81,"column":0},"end":{"line":81,"column":13}},"19":{"start":{"line":91,"column":4},"end":{"line":91,"column":72}},"20":{"start":{"line":88,"column":0},"end":{"line":88,"column":13}},"21":{"start":{"line":98,"column":4},"end":{"line":98,"column":71}},"22":{"start":{"line":95,"column":0},"end":{"line":95,"column":13}}},"fnMap":{"0":{"name":"(anonymous_0)","decl":{"start":{"line":18,"column":2},"end":{"line":18,"column":14}},"loc":{"start":{"line":18,"column":37},"end":{"line":25,"column":3}}},"1":{"name":"(anonymous_1)","decl":{"start":{"line":31,"column":2},"end":{"line":31,"column":7}},"loc":{"start":{"line":31,"column":52},"end":{"line":70,"column":3}}},"2":{"name":"(anonymous_2)","decl":{"start":{"line":75,"column":2},"end":{"line":75,"column":7}},"loc":{"start":{"line":75,"column":37},"end":{"line":78,"column":3}}},"3":{"name":"(anonymous_3)","decl":{"start":{"line":82,"column":2},"end":{"line":82,"column":7}},"loc":{"start":{"line":82,"column":37},"end":{"line":85,"column":3}}},"4":{"name":"(anonymous_4)","decl":{"start":{"line":89,"column":2},"end":{"line":89,"column":7}},"loc":{"start":{"line":89,"column":37},"end":{"line":92,"column":3}}},"5":{"name":"(anonymous_5)","decl":{"start":{"line":96,"column":2},"end":{"line":96,"column":7}},"loc":{"start":{"line":96,"column":37},"end":{"line":99,"column":3}}}},"branchMap":{"0":{"loc":{"start":{"line":42,"column":8},"end":{"line":49,"column":9}},"type":"if","locations":[{"start":{"line":42,"column":8},"end":{"line":49,"column":9}}]},"1":{"loc":{"start":{"line":46,"column":48},"end":{"line":46,"column":95}},"type":"binary-expr","locations":[{"start":{"line":46,"column":48},"end":{"line":46,"column":72}},{"start":{"line":46,"column":76},"end":{"line":46,"column":95}}]},"2":{"loc":{"start":{"line":47,"column":45},"end":{"line":47,"column":63}},"type":"binary-expr","locations":[{"start":{"line":47,"column":45},"end":{"line":47,"column":57}},{"start":{"line":47,"column":61},"end":{"line":47,"column":63}}]},"3":{"loc":{"start":{"line":58,"column":43},"end":{"line":58,"column":99}},"type":"cond-expr","locations":[{"start":{"line":58,"column":68},"end":{"line":58,"column":81}},{"start":{"line":58,"column":84},"end":{"line":58,"column":99}}]}},"s":{"0":36,"1":28,"2":28,"3":28,"4":28,"5":104,"6":104,"7":104,"8":104,"9":103,"10":2,"11":101,"12":1,"13":25,"14":1,"15":2,"16":1,"17":2,"18":1,"19":2,"20":1,"21":2,"22":1},"f":{"0":36,"1":28,"2":2,"3":2,"4":2,"5":2},"b":{"0":[2],"1":[2,0],"2":[2,0],"3":[1,0]}}
,"/Users/Nigel/Desktop/Lichen_Protocol_MVP_4/rooms/entry_room/index.ts": {"path":"/Users/Nigel/Desktop/Lichen_Protocol_MVP_4/rooms/entry_room/index.ts","statementMap":{"0":{"start":{"line":206,"column":0},"end":{"line":206,"column":7}},"1":{"start":{"line":14,"column":0},"end":{"line":14,"column":50}},"2":{"start":{"line":15,"column":0},"end":{"line":15,"column":53}},"3":{"start":{"line":17,"column":0},"end":{"line":17,"column":47}},"4":{"start":{"line":43,"column":4},"end":{"line":43,"column":68}},"5":{"start":{"line":44,"column":4},"end":{"line":44,"column":83}},"6":{"start":{"line":45,"column":4},"end":{"line":45,"column":68}},"7":{"start":{"line":46,"column":4},"end":{"line":46,"column":77}},"8":{"start":{"line":47,"column":4},"end":{"line":47,"column":89}},"9":{"start":{"line":48,"column":4},"end":{"line":48,"column":86}},"10":{"start":{"line":49,"column":4},"end":{"line":49,"column":65}},"11":{"start":{"line":57,"column":4},"end":{"line":116,"column":5}},"12":{"start":{"line":59,"column":29},"end":{"line":59,"column":75}},"13":{"start":{"line":60,"column":24},"end":{"line":60,"column":49}},"14":{"start":{"line":63,"column":25},"end":{"line":63,"column":68}},"15":{"start":{"line":64,"column":6},"end":{"line":70,"column":7}},"16":{"start":{"line":66,"column":8},"end":{"line":69,"column":10}},"17":{"start":{"line":71,"column":6},"end":{"line":71,"column":36}},"18":{"start":{"line":74,"column":24},"end":{"line":74,"column":49}},"19":{"start":{"line":75,"column":25},"end":{"line":75,"column":57}},"20":{"start":{"line":78,"column":28},"end":{"line":78,"column":71}},"21":{"start":{"line":79,"column":6},"end":{"line":85,"column":7}},"22":{"start":{"line":81,"column":8},"end":{"line":84,"column":10}},"23":{"start":{"line":88,"column":38},"end":{"line":91,"column":8}},"24":{"start":{"line":94,"column":6},"end":{"line":102,"column":7}},"25":{"start":{"line":95,"column":42},"end":{"line":100,"column":10}},"26":{"start":{"line":101,"column":8},"end":{"line":101,"column":62}},"27":{"start":{"line":105,"column":6},"end":{"line":105,"column":94}},"28":{"start":{"line":107,"column":6},"end":{"line":107,"column":20}},"29":{"start":{"line":111,"column":6},"end":{"line":111,"column":48}},"30":{"start":{"line":112,"column":6},"end":{"line":115,"column":8}},"31":{"start":{"line":120,"column":38},"end":{"line":125,"column":6}},"32":{"start":{"line":127,"column":4},"end":{"line":127,"column":50}},"33":{"start":{"line":131,"column":38},"end":{"line":136,"column":6}},"34":{"start":{"line":138,"column":4},"end":{"line":138,"column":50}},"35":{"start":{"line":142,"column":38},"end":{"line":147,"column":6}},"36":{"start":{"line":149,"column":4},"end":{"line":149,"column":54}},"37":{"start":{"line":157,"column":4},"end":{"line":162,"column":5}},"38":{"start":{"line":158,"column":6},"end":{"line":158,"column":78}},"39":{"start":{"line":161,"column":6},"end":{"line":161,"column":57}},"40":{"start":{"line":166,"column":4},"end":{"line":170,"column":5}},"41":{"start":{"line":167,"column":6},"end":{"line":167,"column":139}},"42":{"start":{"line":169,"column":6},"end":{"line":169,"column":105}},"43":{"start":{"line":175,"column":109},"end":{"line":175,"column":127}},"44":{"start":{"line":176,"column":4},"end":{"line":181,"column":6}},"45":{"start":{"line":185,"column":34},"end":{"line":185,"column":51}},"46":{"start":{"line":186,"column":4},"end":{"line":186,"column":35}},"47":{"start":{"line":190,"column":37},"end":{"line":190,"column":57}},"48":{"start":{"line":191,"column":4},"end":{"line":191,"column":38}},"49":{"start":{"line":195,"column":41},"end":{"line":195,"column":65}},"50":{"start":{"line":196,"column":4},"end":{"line":196,"column":42}},"51":{"start":{"line":200,"column":40},"end":{"line":200,"column":63}},"52":{"start":{"line":201,"column":4},"end":{"line":201,"column":41}},"53":{"start":{"line":32,"column":0},"end":{"line":32,"column":13}},"54":{"start":{"line":207,"column":15},"end":{"line":207,"column":36}},"55":{"start":{"line":208,"column":2},"end":{"line":208,"column":34}}},"fnMap":{"0":{"name":"(anonymous_0)","decl":{"start":{"line":41,"column":2},"end":{"line":41,"column":14}},"loc":{"start":{"line":41,"column":42},"end":{"line":50,"column":3}}},"1":{"name":"(anonymous_1)","decl":{"start":{"line":56,"column":2},"end":{"line":56,"column":7}},"loc":{"start":{"line":56,"column":42},"end":{"line":117,"column":3}}},"2":{"name":"(anonymous_2)","decl":{"start":{"line":119,"column":10},"end":{"line":119,"column":15}},"loc":{"start":{"line":119,"column":64},"end":{"line":128,"column":3}}},"3":{"name":"(anonymous_3)","decl":{"start":{"line":130,"column":10},"end":{"line":130,"column":15}},"loc":{"start":{"line":130,"column":45},"end":{"line":139,"column":3}}},"4":{"name":"(anonymous_4)","decl":{"start":{"line":141,"column":10},"end":{"line":141,"column":15}},"loc":{"start":{"line":141,"column":74},"end":{"line":150,"column":3}}},"5":{"name":"(anonymous_5)","decl":{"start":{"line":152,"column":10},"end":{"line":152,"column":15}},"loc":{"start":{"line":155,"column":27},"end":{"line":163,"column":3}}},"6":{"name":"(anonymous_6)","decl":{"start":{"line":165,"column":10},"end":{"line":165,"column":32}},"loc":{"start":{"line":165,"column":64},"end":{"line":171,"column":3}}},"7":{"name":"(anonymous_7)","decl":{"start":{"line":174,"column":10},"end":{"line":174,"column":33}},"loc":{"start":{"line":174,"column":33},"end":{"line":182,"column":3}}},"8":{"name":"(anonymous_8)","decl":{"start":{"line":184,"column":10},"end":{"line":184,"column":33}},"loc":{"start":{"line":184,"column":33},"end":{"line":187,"column":3}}},"9":{"name":"(anonymous_9)","decl":{"start":{"line":189,"column":10},"end":{"line":189,"column":36}},"loc":{"start":{"line":189,"column":36},"end":{"line":192,"column":3}}},"10":{"name":"(anonymous_10)","decl":{"start":{"line":194,"column":10},"end":{"line":194,"column":40}},"loc":{"start":{"line":194,"column":40},"end":{"line":197,"column":3}}},"11":{"name":"(anonymous_11)","decl":{"start":{"line":199,"column":10},"end":{"line":199,"column":39}},"loc":{"start":{"line":199,"column":39},"end":{"line":202,"column":3}}},"12":{"name":"runEntryRoom","decl":{"start":{"line":206,"column":22},"end":{"line":206,"column":34}},"loc":{"start":{"line":206,"column":82},"end":{"line":209,"column":1}}}},"branchMap":{"0":{"loc":{"start":{"line":41,"column":14},"end":{"line":41,"column":42}},"type":"default-arg","locations":[{"start":{"line":41,"column":40},"end":{"line":41,"column":42}}]},"1":{"loc":{"start":{"line":43,"column":22},"end":{"line":43,"column":67}},"type":"binary-expr","locations":[{"start":{"line":43,"column":22},"end":{"line":43,"column":39}},{"start":{"line":43,"column":43},"end":{"line":43,"column":67}}]},"2":{"loc":{"start":{"line":44,"column":35},"end":{"line":44,"column":81}},"type":"binary-expr","locations":[{"start":{"line":44,"column":35},"end":{"line":44,"column":47}},{"start":{"line":44,"column":51},"end":{"line":44,"column":81}}]},"3":{"loc":{"start":{"line":45,"column":22},"end":{"line":45,"column":67}},"type":"binary-expr","locations":[{"start":{"line":45,"column":22},"end":{"line":45,"column":33}},{"start":{"line":45,"column":37},"end":{"line":45,"column":67}}]},"4":{"loc":{"start":{"line":46,"column":25},"end":{"line":46,"column":76}},"type":"binary-expr","locations":[{"start":{"line":46,"column":25},"end":{"line":46,"column":39}},{"start":{"line":46,"column":43},"end":{"line":46,"column":76}}]},"5":{"loc":{"start":{"line":47,"column":29},"end":{"line":47,"column":88}},"type":"binary-expr","locations":[{"start":{"line":47,"column":29},"end":{"line":47,"column":47}},{"start":{"line":47,"column":51},"end":{"line":47,"column":88}}]},"6":{"loc":{"start":{"line":48,"column":28},"end":{"line":48,"column":85}},"type":"binary-expr","locations":[{"start":{"line":48,"column":28},"end":{"line":48,"column":45}},{"start":{"line":48,"column":49},"end":{"line":48,"column":85}}]},"7":{"loc":{"start":{"line":49,"column":30},"end":{"line":49,"column":64}},"type":"binary-expr","locations":[{"start":{"line":49,"column":30},"end":{"line":49,"column":56}},{"start":{"line":49,"column":60},"end":{"line":49,"column":64}}]},"8":{"loc":{"start":{"line":64,"column":6},"end":{"line":70,"column":7}},"type":"if","locations":[{"start":{"line":64,"column":6},"end":{"line":70,"column":7}}]},"9":{"loc":{"start":{"line":79,"column":6},"end":{"line":85,"column":7}},"type":"if","locations":[{"start":{"line":79,"column":6},"end":{"line":85,"column":7}}]},"10":{"loc":{"start":{"line":83,"column":23},"end":{"line":83,"column":66}},"type":"cond-expr","locations":[{"start":{"line":83,"column":50},"end":{"line":83,"column":56}},{"start":{"line":83,"column":59},"end":{"line":83,"column":66}}]},"11":{"loc":{"start":{"line":94,"column":6},"end":{"line":102,"column":7}},"type":"if","locations":[{"start":{"line":94,"column":6},"end":{"line":102,"column":7}}]},"12":{"loc":{"start":{"line":113,"column":58},"end":{"line":113,"column":114}},"type":"cond-expr","locations":[{"start":{"line":113,"column":83},"end":{"line":113,"column":96}},{"start":{"line":113,"column":99},"end":{"line":113,"column":114}}]},"13":{"loc":{"start":{"line":166,"column":4},"end":{"line":170,"column":5}},"type":"if","locations":[{"start":{"line":166,"column":4},"end":{"line":170,"column":5}},{"start":{"line":168,"column":11},"end":{"line":170,"column":5}}]}},"s":{"0":1,"1":1,"2":1,"3":1,"4":36,"5":36,"6":36,"7":36,"8":36,"9":36,"10":36,"11":28,"12":28,"13":28,"14":28,"15":28,"16":3,"17":25,"18":25,"19":25,"20":25,"21":25,"22":4,"23":21,"24":21,"25":20,"26":20,"27":21,"28":21,"29":0,"30":0,"31":28,"32":28,"33":25,"34":25,"35":25,"36":25,"37":20,"38":20,"39":1,"40":4,"41":3,"42":1,"43":2,"44":2,"45":3,"46":3,"47":2,"48":2,"49":3,"50":3,"51":2,"52":2,"53":1,"54":2,"55":2},"f":{"0":36,"1":28,"2":28,"3":25,"4":25,"5":20,"6":4,"7":2,"8":3,"9":2,"10":3,"11":2,"12":2},"b":{"0":[1],"1":[36,36],"2":[36,2],"3":[36,3],"4":[36,2],"5":[36,3],"6":[36,2],"7":[36,4],"8":[3],"9":[4],"10":[3,1],"11":[20],"12":[0,0],"13":[3,1]}}
,"/Users/Nigel/Desktop/Lichen_Protocol_MVP_4/rooms/entry_room/pace.ts": {"path":"/Users/Nigel/Desktop/Lichen_Protocol_MVP_4/rooms/entry_room/pace.ts","statementMap":{"0":{"start":{"line":59,"column":0},"end":{"line":59,"column":16}},"1":{"start":{"line":18,"column":4},"end":{"line":18,"column":17}},"2":{"start":{"line":8,"column":0},"end":{"line":8,"column":13}},"3":{"start":{"line":27,"column":22},"end":{"line":27,"column":47}},"4":{"start":{"line":32,"column":4},"end":{"line":32,"column":28}},"5":{"start":{"line":22,"column":0},"end":{"line":22,"column":13}},"6":{"start":{"line":52,"column":4},"end":{"line":52,"column":17}},"7":{"start":{"line":36,"column":0},"end":{"line":36,"column":13}},"8":{"start":{"line":60,"column":2},"end":{"line":71,"column":3}},"9":{"start":{"line":62,"column":6},"end":{"line":62,"column":24}},"10":{"start":{"line":64,"column":6},"end":{"line":64,"column":20}},"11":{"start":{"line":66,"column":6},"end":{"line":66,"column":21}},"12":{"start":{"line":68,"column":6},"end":{"line":68,"column":20}},"13":{"start":{"line":70,"column":6},"end":{"line":70,"column":24}}},"fnMap":{"0":{"name":"(anonymous_0)","decl":{"start":{"line":13,"column":2},"end":{"line":13,"column":7}},"loc":{"start":{"line":13,"column":43},"end":{"line":19,"column":3}}},"1":{"name":"(anonymous_1)","decl":{"start":{"line":27,"column":2},"end":{"line":27,"column":22}},"loc":{"start":{"line":27,"column":52},"end":{"line":27,"column":56}}},"2":{"name":"(anonymous_2)","decl":{"start":{"line":29,"column":2},"end":{"line":29,"column":7}},"loc":{"start":{"line":29,"column":43},"end":{"line":33,"column":3}}},"3":{"name":"(anonymous_3)","decl":{"start":{"line":41,"column":2},"end":{"line":41,"column":7}},"loc":{"start":{"line":41,"column":43},"end":{"line":53,"column":3}}},"4":{"name":"paceStateToNextAction","decl":{"start":{"line":59,"column":16},"end":{"line":59,"column":37}},"loc":{"start":{"line":59,"column":58},"end":{"line":72,"column":1}}}},"branchMap":{"0":{"loc":{"start":{"line":27,"column":22},"end":{"line":27,"column":52}},"type":"default-arg","locations":[{"start":{"line":27,"column":47},"end":{"line":27,"column":52}}]},"1":{"loc":{"start":{"line":60,"column":2},"end":{"line":71,"column":3}},"type":"switch","locations":[{"start":{"line":61,"column":4},"end":{"line":62,"column":24}},{"start":{"line":63,"column":4},"end":{"line":64,"column":20}},{"start":{"line":65,"column":4},"end":{"line":66,"column":21}},{"start":{"line":67,"column":4},"end":{"line":68,"column":20}},{"start":{"line":69,"column":4},"end":{"line":70,"column":24}}]}},"s":{"0":1,"1":3,"2":1,"3":0,"4":0,"5":1,"6":0,"7":1,"8":25,"9":22,"10":1,"11":1,"12":1,"13":0},"f":{"0":3,"1":0,"2":0,"3":0,"4":25},"b":{"0":[0],"1":[22,1,1,1,0]}}
,"/Users/Nigel/Desktop/Lichen_Protocol_MVP_4/rooms/entry_room/reflection.ts": {"path":"/Users/Nigel/Desktop/Lichen_Protocol_MVP_4/rooms/entry_room/reflection.ts","statementMap":{"0":{"start":{"line":15,"column":4},"end":{"line":17,"column":5}},"1":{"start":{"line":16,"column":6},"end":{"line":16,"column":35}},"2":{"start":{"line":19,"column":4},"end":{"line":21,"column":5}},"3":{"start":{"line":20,"column":6},"end":{"line":20,"column":46}},"4":{"start":{"line":23,"column":4},"end":{"line":25,"column":5}},"5":{"start":{"line":24,"column":6},"end":{"line":24,"column":49}},"6":{"start":{"line":27,"column":4},"end":{"line":27,"column":29}},"7":{"start":{"line":32,"column":18},"end":{"line":35,"column":38}},"8":{"start":{"line":34,"column":19},"end":{"line":34,"column":30}},"9":{"start":{"line":35,"column":22},"end":{"line":35,"column":37}},"10":{"start":{"line":38,"column":4},"end":{"line":40,"column":5}},"11":{"start":{"line":39,"column":6},"end":{"line":39,"column":27}},"12":{"start":{"line":42,"column":4},"end":{"line":42,"column":17}},"13":{"start":{"line":46,"column":28},"end":{"line":46,"column":30}},"14":{"start":{"line":49,"column":4},"end":{"line":59,"column":5}},"15":{"start":{"line":50,"column":6},"end":{"line":50,"column":55}},"16":{"start":{"line":51,"column":11},"end":{"line":59,"column":5}},"17":{"start":{"line":52,"column":6},"end":{"line":52,"column":58}},"18":{"start":{"line":53,"column":11},"end":{"line":59,"column":5}},"19":{"start":{"line":54,"column":6},"end":{"line":54,"column":58}},"20":{"start":{"line":57,"column":22},"end":{"line":57,"column":50}},"21":{"start":{"line":58,"column":6},"end":{"line":58,"column":54}},"22":{"start":{"line":61,"column":4},"end":{"line":61,"column":17}},"23":{"start":{"line":8,"column":0},"end":{"line":8,"column":13}}},"fnMap":{"0":{"name":"(anonymous_0)","decl":{"start":{"line":14,"column":2},"end":{"line":14,"column":17}},"loc":{"start":{"line":14,"column":34},"end":{"line":28,"column":3}}},"1":{"name":"(anonymous_1)","decl":{"start":{"line":30,"column":10},"end":{"line":30,"column":28}},"loc":{"start":{"line":30,"column":41},"end":{"line":43,"column":3}}},"2":{"name":"(anonymous_2)","decl":{"start":{"line":34,"column":11},"end":{"line":34,"column":15}},"loc":{"start":{"line":34,"column":19},"end":{"line":34,"column":30}}},"3":{"name":"(anonymous_3)","decl":{"start":{"line":35,"column":14},"end":{"line":35,"column":18}},"loc":{"start":{"line":35,"column":22},"end":{"line":35,"column":37}}},"4":{"name":"(anonymous_4)","decl":{"start":{"line":45,"column":10},"end":{"line":45,"column":31}},"loc":{"start":{"line":45,"column":43},"end":{"line":62,"column":3}}}},"branchMap":{"0":{"loc":{"start":{"line":15,"column":4},"end":{"line":17,"column":5}},"type":"if","locations":[{"start":{"line":15,"column":4},"end":{"line":17,"column":5}}]},"1":{"loc":{"start":{"line":15,"column":8},"end":{"line":15,"column":49}},"type":"binary-expr","locations":[{"start":{"line":15,"column":8},"end":{"line":15,"column":24}},{"start":{"line":15,"column":28},"end":{"line":15,"column":49}}]},"2":{"loc":{"start":{"line":19,"column":4},"end":{"line":21,"column":5}},"type":"if","locations":[{"start":{"line":19,"column":4},"end":{"line":21,"column":5}}]},"3":{"loc":{"start":{"line":23,"column":4},"end":{"line":25,"column":5}},"type":"if","locations":[{"start":{"line":23,"column":4},"end":{"line":25,"column":5}}]},"4":{"loc":{"start":{"line":38,"column":4},"end":{"line":40,"column":5}},"type":"if","locations":[{"start":{"line":38,"column":4},"end":{"line":40,"column":5}}]},"5":{"loc":{"start":{"line":49,"column":4},"end":{"line":59,"column":5}},"type":"if","locations":[{"start":{"line":49,"column":4},"end":{"line":59,"column":5}},{"start":{"line":51,"column":11},"end":{"line":59,"column":5}}]},"6":{"loc":{"start":{"line":49,"column":8},"end":{"line":49,"column":53}},"type":"binary-expr","locations":[{"start":{"line":49,"column":8},"end":{"line":49,"column":21}},{"start":{"line":49,"column":25},"end":{"line":49,"column":53}}]},"7":{"loc":{"start":{"line":51,"column":11},"end":{"line":59,"column":5}},"type":"if","locations":[{"start":{"line":51,"column":11},"end":{"line":59,"column":5}},{"start":{"line":53,"column":11},"end":{"line":59,"column":5}}]},"8":{"loc":{"start":{"line":51,"column":15},"end":{"line":51,"column":66}},"type":"binary-expr","locations":[{"start":{"line":51,"column":15},"end":{"line":51,"column":31}},{"start":{"line":51,"column":35},"end":{"line":51,"column":66}}]},"9":{"loc":{"start":{"line":53,"column":11},"end":{"line":59,"column":5}},"type":"if","locations":[{"start":{"line":53,"column":11},"end":{"line":59,"column":5}},{"start":{"line":55,"column":11},"end":{"line":59,"column":5}}]},"10":{"loc":{"start":{"line":53,"column":15},"end":{"line":53,"column":66}},"type":"binary-expr","locations":[{"start":{"line":53,"column":15},"end":{"line":53,"column":31}},{"start":{"line":53,"column":35},"end":{"line":53,"column":66}}]}},"s":{"0":28,"1":2,"2":26,"3":25,"4":1,"5":1,"6":0,"7":26,"8":29,"9":29,"10":26,"11":25,"12":1,"13":1,"14":1,"15":1,"16":0,"17":0,"18":0,"19":0,"20":0,"21":0,"22":1,"23":1},"f":{"0":28,"1":26,"2":29,"3":29,"4":1},"b":{"0":[2],"1":[28,27],"2":[25],"3":[1],"4":[25],"5":[1,0],"6":[1,1],"7":[0,0],"8":[0,0],"9":[0,0],"10":[0,0]}}
}
