TN:
SF:index.ts
FN:7,(anonymous_0)
FN:7,(anonymous_1)
FN:11,(anonymous_2)
FN:12,(anonymous_3)
FN:13,(anonymous_4)
FN:13,(anonymous_5)
FN:13,(anonymous_6)
FN:14,(anonymous_7)
FN:14,(anonymous_8)
FN:14,(anonymous_9)
FN:15,(anonymous_10)
FN:15,(anonymous_11)
FN:15,(anonymous_12)
FN:16,(anonymous_13)
FN:16,(anonymous_14)
FN:16,(anonymous_15)
FN:16,(anonymous_16)
FN:35,(anonymous_17)
FN:36,(anonymous_18)
FN:36,(anonymous_19)
FN:37,(anonymous_20)
FN:37,(anonymous_21)
FNF:22
FNH:0
FNDA:0,(anonymous_0)
FNDA:0,(anonymous_1)
FNDA:0,(anonymous_2)
FNDA:0,(anonymous_3)
FNDA:0,(anonymous_4)
FNDA:0,(anonymous_5)
FNDA:0,(anonymous_6)
FNDA:0,(anonymous_7)
FNDA:0,(anonymous_8)
FNDA:0,(anonymous_9)
FNDA:0,(anonymous_10)
FNDA:0,(anonymous_11)
FNDA:0,(anonymous_12)
FNDA:0,(anonymous_13)
FNDA:0,(anonymous_14)
FNDA:0,(anonymous_15)
FNDA:0,(anonymous_16)
FNDA:0,(anonymous_17)
FNDA:0,(anonymous_18)
FNDA:0,(anonymous_19)
FNDA:0,(anonymous_20)
FNDA:0,(anonymous_21)
DA:7,0
DA:11,0
DA:12,0
DA:13,0
DA:14,0
DA:15,0
DA:16,0
DA:35,0
DA:36,0
DA:37,0
LF:10
LH:0
BRF:0
BRH:0
end_of_record
TN:
SF:entry_room/completion.ts
FN:13,(anonymous_0)
FN:23,(anonymous_1)
FN:33,(anonymous_2)
FN:43,(anonymous_3)
FN:45,(anonymous_4)
FN:53,hasCompletionMarker
FN:61,(anonymous_6)
FN:67,removeCompletionMarkers
FN:76,(anonymous_8)
FNF:9
FNH:0
FNDA:0,(anonymous_0)
FNDA:0,(anonymous_1)
FNDA:0,(anonymous_2)
FNDA:0,(anonymous_3)
FNDA:0,(anonymous_4)
FNDA:0,hasCompletionMarker
FNDA:0,(anonymous_6)
FNDA:0,removeCompletionMarkers
FNDA:0,(anonymous_8)
DA:8,1
DA:14,0
DA:15,0
DA:19,1
DA:24,0
DA:25,0
DA:29,1
DA:34,0
DA:35,0
DA:39,1
DA:43,0
DA:46,0
DA:53,1
DA:54,0
DA:61,0
DA:67,1
DA:68,0
DA:75,0
DA:76,0
DA:77,0
DA:80,0
LF:21
LH:6
BRDA:43,0,0,0
BRF:1
BRH:0
end_of_record
TN:
SF:entry_room/consent.ts
FN:13,(anonymous_0)
FN:29,(anonymous_1)
FN:31,(anonymous_2)
FN:50,(anonymous_3)
FN:67,generateConsentRequest
FN:74,isConsentRequired
FNF:6
FNH:1
FNDA:2,(anonymous_0)
FNDA:0,(anonymous_1)
FNDA:0,(anonymous_2)
FNDA:0,(anonymous_3)
FNDA:0,generateConsentRequest
FNDA:0,isConsentRequired
DA:8,1
DA:15,2
DA:16,0
DA:20,2
DA:24,1
DA:29,0
DA:32,0
DA:33,0
DA:36,0
DA:37,0
DA:41,0
DA:45,1
DA:54,0
DA:55,0
DA:60,0
DA:67,1
DA:68,0
DA:74,1
DA:75,0
LF:19
LH:7
BRDA:15,0,0,0
BRDA:29,1,0,0
BRDA:32,2,0,0
BRDA:36,3,0,0
BRDA:54,4,0,0
BRF:5
BRH:0
end_of_record
TN:
SF:entry_room/diagnostics.ts
FN:13,(anonymous_0)
FN:49,(anonymous_1)
FN:71,(anonymous_2)
FN:87,(anonymous_3)
FN:113,(anonymous_4)
FN:135,(anonymous_5)
FNF:6
FNH:4
FNDA:1,(anonymous_0)
FNDA:1,(anonymous_1)
FNDA:1,(anonymous_2)
FNDA:1,(anonymous_3)
FNDA:0,(anonymous_4)
FNDA:0,(anonymous_5)
DA:8,1
DA:19,1
DA:20,0
DA:24,1
DA:31,1
DA:32,1
DA:33,0
DA:36,1
DA:37,1
DA:38,0
DA:41,1
DA:42,1
DA:43,1
DA:46,1
DA:50,1
DA:52,1
DA:54,1
DA:55,0
DA:57,1
DA:58,0
DA:60,1
DA:61,0
DA:63,1
DA:64,0
DA:68,1
DA:72,1
DA:73,1
DA:76,1
DA:77,0
DA:79,1
DA:80,0
DA:84,1
DA:89,1
DA:90,0
DA:93,1
DA:94,1
DA:96,1
DA:97,0
DA:99,1
DA:100,0
DA:104,1
DA:108,1
DA:118,0
DA:119,0
DA:122,0
DA:130,1
DA:140,0
DA:141,0
DA:144,0
DA:145,0
DA:147,0
DA:149,0
DA:158,0
LF:53
LH:31
BRDA:19,0,0,0
BRDA:32,1,0,0
BRDA:37,2,0,0
BRDA:42,3,0,1
BRDA:50,4,0,1
BRDA:54,5,0,0
BRDA:54,6,0,1
BRDA:54,6,1,1
BRDA:54,6,2,1
BRDA:57,7,0,0
BRDA:57,8,0,1
BRDA:57,8,1,1
BRDA:57,8,2,1
BRDA:60,9,0,0
BRDA:60,10,0,1
BRDA:60,10,1,1
BRDA:60,10,2,1
BRDA:63,11,0,0
BRDA:63,12,0,1
BRDA:63,12,1,1
BRDA:63,12,2,1
BRDA:72,13,0,1
BRDA:76,14,0,0
BRDA:76,15,0,1
BRDA:76,15,1,1
BRDA:76,15,2,1
BRDA:79,16,0,0
BRDA:79,17,0,1
BRDA:79,17,1,1
BRDA:79,17,2,1
BRDA:89,18,0,0
BRDA:89,19,0,1
BRDA:89,19,1,1
BRDA:93,20,0,1
BRDA:96,21,0,0
BRDA:96,22,0,1
BRDA:96,22,1,1
BRDA:96,22,2,1
BRDA:99,23,0,0
BRDA:99,24,0,1
BRDA:99,24,1,1
BRDA:99,24,2,1
BRDA:118,25,0,0
BRDA:140,26,0,0
BRDA:147,27,0,0
BRF:45
BRH:30
end_of_record
TN:
SF:entry_room/gates.ts
FN:18,(anonymous_0)
FN:31,(anonymous_1)
FN:75,(anonymous_2)
FN:82,(anonymous_3)
FN:89,(anonymous_4)
FN:96,(anonymous_5)
FNF:6
FNH:6
FNDA:36,(anonymous_0)
FNDA:28,(anonymous_1)
FNDA:2,(anonymous_2)
FNDA:2,(anonymous_3)
FNDA:2,(anonymous_4)
FNDA:2,(anonymous_5)
DA:15,1
DA:19,36
DA:32,28
DA:33,28
DA:35,28
DA:36,104
DA:37,104
DA:39,104
DA:40,104
DA:42,103
DA:44,2
DA:52,101
DA:56,1
DA:65,25
DA:74,1
DA:77,2
DA:81,1
DA:84,2
DA:88,1
DA:91,2
DA:95,1
DA:98,2
LF:22
LH:22
BRDA:42,0,0,2
BRDA:46,1,0,2
BRDA:46,1,1,0
BRDA:47,2,0,2
BRDA:47,2,1,0
BRDA:58,3,0,1
BRDA:58,3,1,0
BRF:7
BRH:4
end_of_record
TN:
SF:entry_room/index.ts
FN:41,(anonymous_0)
FN:56,(anonymous_1)
FN:119,(anonymous_2)
FN:130,(anonymous_3)
FN:141,(anonymous_4)
FN:152,(anonymous_5)
FN:165,(anonymous_6)
FN:174,(anonymous_7)
FN:184,(anonymous_8)
FN:189,(anonymous_9)
FN:194,(anonymous_10)
FN:199,(anonymous_11)
FN:206,runEntryRoom
FNF:13
FNH:13
FNDA:36,(anonymous_0)
FNDA:28,(anonymous_1)
FNDA:28,(anonymous_2)
FNDA:25,(anonymous_3)
FNDA:25,(anonymous_4)
FNDA:20,(anonymous_5)
FNDA:4,(anonymous_6)
FNDA:2,(anonymous_7)
FNDA:3,(anonymous_8)
FNDA:2,(anonymous_9)
FNDA:3,(anonymous_10)
FNDA:2,(anonymous_11)
FNDA:2,runEntryRoom
DA:14,1
DA:15,1
DA:17,1
DA:32,1
DA:43,36
DA:44,36
DA:45,36
DA:46,36
DA:47,36
DA:48,36
DA:49,36
DA:57,28
DA:59,28
DA:60,28
DA:63,28
DA:64,28
DA:66,3
DA:71,25
DA:74,25
DA:75,25
DA:78,25
DA:79,25
DA:81,4
DA:88,21
DA:94,21
DA:95,20
DA:101,20
DA:105,21
DA:107,21
DA:111,0
DA:112,0
DA:120,28
DA:127,28
DA:131,25
DA:138,25
DA:142,25
DA:149,25
DA:157,20
DA:158,20
DA:161,1
DA:166,4
DA:167,3
DA:169,1
DA:175,2
DA:176,2
DA:185,3
DA:186,3
DA:190,2
DA:191,2
DA:195,3
DA:196,3
DA:200,2
DA:201,2
DA:206,1
DA:207,2
DA:208,2
LF:56
LH:54
BRDA:41,0,0,1
BRDA:43,1,0,36
BRDA:43,1,1,36
BRDA:44,2,0,36
BRDA:44,2,1,2
BRDA:45,3,0,36
BRDA:45,3,1,3
BRDA:46,4,0,36
BRDA:46,4,1,2
BRDA:47,5,0,36
BRDA:47,5,1,3
BRDA:48,6,0,36
BRDA:48,6,1,2
BRDA:49,7,0,36
BRDA:49,7,1,4
BRDA:64,8,0,3
BRDA:79,9,0,4
BRDA:83,10,0,3
BRDA:83,10,1,1
BRDA:94,11,0,20
BRDA:113,12,0,0
BRDA:113,12,1,0
BRDA:166,13,0,3
BRDA:166,13,1,1
BRF:24
BRH:22
end_of_record
TN:
SF:entry_room/pace.ts
FN:13,(anonymous_0)
FN:27,(anonymous_1)
FN:29,(anonymous_2)
FN:41,(anonymous_3)
FN:59,paceStateToNextAction
FNF:5
FNH:2
FNDA:3,(anonymous_0)
FNDA:0,(anonymous_1)
FNDA:0,(anonymous_2)
FNDA:0,(anonymous_3)
FNDA:25,paceStateToNextAction
DA:8,1
DA:18,3
DA:22,1
DA:27,0
DA:32,0
DA:36,1
DA:52,0
DA:59,1
DA:60,25
DA:62,22
DA:64,1
DA:66,1
DA:68,1
DA:70,0
LF:14
LH:10
BRDA:27,0,0,0
BRDA:60,1,0,22
BRDA:60,1,1,1
BRDA:60,1,2,1
BRDA:60,1,3,1
BRDA:60,1,4,0
BRF:6
BRH:4
end_of_record
TN:
SF:entry_room/reflection.ts
FN:14,(anonymous_0)
FN:30,(anonymous_1)
FN:34,(anonymous_2)
FN:35,(anonymous_3)
FN:45,(anonymous_4)
FNF:5
FNH:5
FNDA:28,(anonymous_0)
FNDA:26,(anonymous_1)
FNDA:29,(anonymous_2)
FNDA:29,(anonymous_3)
FNDA:1,(anonymous_4)
DA:8,1
DA:15,28
DA:16,2
DA:19,26
DA:20,25
DA:23,1
DA:24,1
DA:27,0
DA:32,26
DA:34,29
DA:35,29
DA:38,26
DA:39,25
DA:42,1
DA:46,1
DA:49,1
DA:50,1
DA:51,0
DA:52,0
DA:53,0
DA:54,0
DA:57,0
DA:58,0
DA:61,1
LF:24
LH:17
BRDA:15,0,0,2
BRDA:15,1,0,28
BRDA:15,1,1,27
BRDA:19,2,0,25
BRDA:23,3,0,1
BRDA:38,4,0,25
BRDA:49,5,0,1
BRDA:49,5,1,0
BRDA:49,6,0,1
BRDA:49,6,1,1
BRDA:51,7,0,0
BRDA:51,7,1,0
BRDA:51,8,0,0
BRDA:51,8,1,0
BRDA:53,9,0,0
BRDA:53,9,1,0
BRDA:53,10,0,0
BRDA:53,10,1,0
BRF:18
BRH:9
end_of_record
